FBtr0301417 GCGAGCGAAAA [20] 34090
FBtr0301417 GCGAGCGAAAA [20] 34090
FBtr0301417 GCGAGCGAAAA [20] 34090
FBtr0301417 GCGAGCGAAAA [20] 34090
FBtr0301417 GCGAGCGAAAA [20] 34090
FBtr0301417 GCGAGCGAAAA [20] 34090
FBtr0301417 GCGAGCGAAAA [20] 34090
FBtr0301417 GCGAGCGAAAA [20] 34090
FBtr0301417 GCGAGCGAAAA [20] 34090
FBtr0301417 GCGAGCGAAAA [20] 34090
FBtr0301417 GCGAGCGAAAA [20] 34090
FBtr0301417 GCGAGCGAAAA [20] 34090
FBtr0301417 GCGAGCGAAAA [20] 34090
FBtr0301417 GCGAGCGAAAA [20] 34090
FBtr0301417 GCGAGCGAAAA [20] 34090
FBtr0301417 GCGAGCGAAAA [20] 34090
FBtr0301417 GCGAGCGAAAA [20] 34090
FBtr0301417 GCGAGCGAAAA [20] 34090
FBtr0301417 GCGAGCGAAAA [20] 34090
FBtr0301417 GCGAGCGAAAA [20] 34090
FBtr0301417 GCGAGCGAAAA [20] 34090
FBtr0301417 GCGAGCGAAAA [20] 34090
FBtr0301417 AGCAGCAGCAG [41] 40579
FBtr0301417 AGCAGCAGCAG [41] 40719
FBtr0301417 AGCAGCAGCAG [41] 40803
FBtr0301417 AGCAGCAGCAG [41] 40806
FBtr0301417 AGCAGCAGCAG [41] 40809
FBtr0301417 AGCAGCAGCAG [41] 59836
FBtr0301417 AGCAGCAGCAG [41] 59839
FBtr0301417 AGCAGCAGCAG [41] 59842
FBtr0301417 AGCAGCAGCAG [41] 75852
FBtr0301417 AGCAGCAGCAG [41] 75855
FBtr0301417 AGCAGCAGCAG [41] 75858
FBtr0301417 GCGAGCGAAAA [20] 34090
FBtr0301417 AGCAGCAGCAG [41] 40579
FBtr0301417 GCAGCAGCAGC [42] 40717
FBtr0301417 AGCAGCAGCAG [41] 40719
FBtr0301417 GCAGCAGCAGC [42] 40720
FBtr0301417 AGCAGCAGCAG [41] 40803
FBtr0301417 GCAGCAGCAGC [42] 40804
FBtr0301417 AGCAGCAGCAG [41] 40806
FBtr0301417 GCAGCAGCAGC [42] 40807
FBtr0301417 AGCAGCAGCAG [41] 40809
FBtr0301417 GCAGCAGCAGC [42] 40810
FBtr0301417 AGCAGCAGCAG [41] 59836
FBtr0301417 GCAGCAGCAGC [42] 59837
FBtr0301417 AGCAGCAGCAG [41] 59839
FBtr0301417 GCAGCAGCAGC [42] 59840
FBtr0301417 AGCAGCAGCAG [41] 59842
FBtr0301417 GCAGCAGCAGC [42] 75850
FBtr0301417 AGCAGCAGCAG [41] 75852
FBtr0301417 GCAGCAGCAGC [42] 75853
FBtr0301417 AGCAGCAGCAG [41] 75855
FBtr0301417 GCAGCAGCAGC [42] 75856
FBtr0301417 AGCAGCAGCAG [41] 75858
FBtr0301417 GCAGCAGCAGC [42] 75859
FBtr0301417 GCGAGCGAAAA [20] 34090
FBtr0301417 AGCAGCAGCAG [41] 40579
FBtr0301417 GCAGCAGCAGC [42] 40717
FBtr0301417 AGCAGCAGCAG [41] 40719
FBtr0301417 GCAGCAGCAGC [42] 40720
FBtr0301417 CAGCAGCAGCT [43] 40721
FBtr0301417 AGCAGCAGCAG [41] 40803
FBtr0301417 GCAGCAGCAGC [42] 40804
FBtr0301417 AGCAGCAGCAG [41] 40806
FBtr0301417 GCAGCAGCAGC [42] 40807
FBtr0301417 AGCAGCAGCAG [41] 40809
FBtr0301417 GCAGCAGCAGC [42] 40810
FBtr0301417 CAGCAGCAGCT [43] 40811
FBtr0301417 AGCAGCAGCAG [41] 59836
FBtr0301417 GCAGCAGCAGC [42] 59837
FBtr0301417 AGCAGCAGCAG [41] 59839
FBtr0301417 GCAGCAGCAGC [42] 59840
FBtr0301417 AGCAGCAGCAG [41] 59842
FBtr0301417 GCAGCAGCAGC [42] 75850
FBtr0301417 AGCAGCAGCAG [41] 75852
FBtr0301417 GCAGCAGCAGC [42] 75853
FBtr0301417 AGCAGCAGCAG [41] 75855
FBtr0301417 GCAGCAGCAGC [42] 75856
FBtr0301417 AGCAGCAGCAG [41] 75858
FBtr0301417 GCAGCAGCAGC [42] 75859
FBtr0301417 GCGAGCGAAAA [20] 34090
FBtr0301417 AGCAGCAGCAG [41] 40579
FBtr0301417 GCAGCAGCAGC [42] 40717
FBtr0301417 AGCAGCAGCAG [41] 40719
FBtr0301417 GCAGCAGCAGC [42] 40720
FBtr0301417 CAGCAGCAGCT [43] 40721
FBtr0301417 AGCAGCAGCAG [41] 40803
FBtr0301417 GCAGCAGCAGC [42] 40804
FBtr0301417 AGCAGCAGCAG [41] 40806
FBtr0301417 GCAGCAGCAGC [42] 40807
FBtr0301417 AGCAGCAGCAG [41] 40809
FBtr0301417 GCAGCAGCAGC [42] 40810
FBtr0301417 CAGCAGCAGCT [43] 40811
FBtr0301417 AGCAGCAGCAG [41] 59836
FBtr0301417 GCAGCAGCAGC [42] 59837
FBtr0301417 AGCAGCAGCAG [41] 59839
FBtr0301417 GCAGCAGCAGC [42] 59840
FBtr0301417 AGCAGCAGCAG [41] 59842
FBtr0301417 GCAGCAGCAGC [42] 75850
FBtr0301417 AGCAGCAGCAG [41] 75852
FBtr0301417 GCAGCAGCAGC [42] 75853
FBtr0301417 AGCAGCAGCAG [41] 75855
FBtr0301417 GCAGCAGCAGC [42] 75856
FBtr0301417 AGCAGCAGCAG [41] 75858
FBtr0301417 GCAGCAGCAGC [42] 75859
FBtr0301417 GCGAGCGAAAA [20] 34090
FBtr0301417 AGCAGCAGCAG [41] 40579
FBtr0301417 GCAGCAGCAGC [42] 40717
FBtr0301417 AGCAGCAGCAG [41] 40719
FBtr0301417 GCAGCAGCAGC [42] 40720
FBtr0301417 CAGCAGCAGCT [43] 40721
FBtr0301417 AGCAGCAGCAG [41] 40803
FBtr0301417 GCAGCAGCAGC [42] 40804
FBtr0301417 AGCAGCAGCAG [41] 40806
FBtr0301417 GCAGCAGCAGC [42] 40807
FBtr0301417 AGCAGCAGCAG [41] 40809
FBtr0301417 GCAGCAGCAGC [42] 40810
FBtr0301417 CAGCAGCAGCT [43] 40811
FBtr0301417 AGCAGCAGCAG [41] 59836
FBtr0301417 GCAGCAGCAGC [42] 59837
FBtr0301417 AGCAGCAGCAG [41] 59839
FBtr0301417 GCAGCAGCAGC [42] 59840
FBtr0301417 AGCAGCAGCAG [41] 59842
FBtr0301417 GCAGCAGCAGC [42] 75850
FBtr0301417 AGCAGCAGCAG [41] 75852
FBtr0301417 GCAGCAGCAGC [42] 75853
FBtr0301417 AGCAGCAGCAG [41] 75855
FBtr0301417 GCAGCAGCAGC [42] 75856
FBtr0301417 AGCAGCAGCAG [41] 75858
FBtr0301417 GCAGCAGCAGC [42] 75859
FBtr0301417 GCGAGCGAAAA [20] 34090
FBtr0301417 AGCAGCAGCAG [41] 40579
FBtr0301417 GCAGCAGCAGC [42] 40717
FBtr0301417 AGCAGCAGCAG [41] 40719
FBtr0301417 GCAGCAGCAGC [42] 40720
FBtr0301417 CAGCAGCAGCT [43] 40721
FBtr0301417 AGCAGCAGCAG [41] 40803
FBtr0301417 GCAGCAGCAGC [42] 40804
FBtr0301417 AGCAGCAGCAG [41] 40806
FBtr0301417 GCAGCAGCAGC [42] 40807
FBtr0301417 AGCAGCAGCAG [41] 40809
FBtr0301417 GCAGCAGCAGC [42] 40810
FBtr0301417 CAGCAGCAGCT [43] 40811
FBtr0301417 AGCAGCAGCAG [41] 59836
FBtr0301417 GCAGCAGCAGC [42] 59837
FBtr0301417 AGCAGCAGCAG [41] 59839
FBtr0301417 GCAGCAGCAGC [42] 59840
FBtr0301417 AGCAGCAGCAG [41] 59842
FBtr0301417 GCAGCAGCAGC [42] 75850
FBtr0301417 AGCAGCAGCAG [41] 75852
FBtr0301417 GCAGCAGCAGC [42] 75853
FBtr0301417 AGCAGCAGCAG [41] 75855
FBtr0301417 GCAGCAGCAGC [42] 75856
FBtr0301417 AGCAGCAGCAG [41] 75858
FBtr0301417 GCAGCAGCAGC [42] 75859
FBtr0301417 AGCAGCTAGGA [47] 823
FBtr0301417 GCGAGCGAAAA [20] 34090
FBtr0301417 AGCAGCAGCAG [41] 40579
FBtr0301417 GCAGCAGCAGC [42] 40717
FBtr0301417 AGCAGCAGCAG [41] 40719
FBtr0301417 GCAGCAGCAGC [42] 40720
FBtr0301417 CAGCAGCAGCT [43] 40721
FBtr0301417 AGCAGCAGCAG [41] 40803
FBtr0301417 GCAGCAGCAGC [42] 40804
FBtr0301417 AGCAGCAGCAG [41] 40806
FBtr0301417 GCAGCAGCAGC [42] 40807
FBtr0301417 AGCAGCAGCAG [41] 40809
FBtr0301417 GCAGCAGCAGC [42] 40810
FBtr0301417 CAGCAGCAGCT [43] 40811
FBtr0301417 AGCAGCAGCAG [41] 59836
FBtr0301417 GCAGCAGCAGC [42] 59837
FBtr0301417 AGCAGCAGCAG [41] 59839
FBtr0301417 GCAGCAGCAGC [42] 59840
FBtr0301417 AGCAGCAGCAG [41] 59842
FBtr0301417 GCAGCAGCAGC [42] 75850
FBtr0301417 AGCAGCAGCAG [41] 75852
FBtr0301417 GCAGCAGCAGC [42] 75853
FBtr0301417 AGCAGCAGCAG [41] 75855
FBtr0301417 GCAGCAGCAGC [42] 75856
FBtr0301417 AGCAGCAGCAG [41] 75858
FBtr0301417 GCAGCAGCAGC [42] 75859
FBtr0301417 AGCAGCTAGGA [47] 823
FBtr0301417 GCGAGCGAAAA [20] 34090
FBtr0301417 AGCAGCAGCAG [41] 40579
FBtr0301417 GCAGCAGCAGC [42] 40717
FBtr0301417 AGCAGCAGCAG [41] 40719
FBtr0301417 GCAGCAGCAGC [42] 40720
FBtr0301417 CAGCAGCAGCT [43] 40721
FBtr0301417 AGCAGCAGCAG [41] 40803
FBtr0301417 GCAGCAGCAGC [42] 40804
FBtr0301417 AGCAGCAGCAG [41] 40806
FBtr0301417 GCAGCAGCAGC [42] 40807
FBtr0301417 AGCAGCAGCAG [41] 40809
FBtr0301417 GCAGCAGCAGC [42] 40810
FBtr0301417 CAGCAGCAGCT [43] 40811
FBtr0301417 AGCAGCAGCAG [41] 59836
FBtr0301417 GCAGCAGCAGC [42] 59837
FBtr0301417 AGCAGCAGCAG [41] 59839
FBtr0301417 GCAGCAGCAGC [42] 59840
FBtr0301417 AGCAGCAGCAG [41] 59842
FBtr0301417 GCAGCAGCAGC [42] 75850
FBtr0301417 AGCAGCAGCAG [41] 75852
FBtr0301417 GCAGCAGCAGC [42] 75853
FBtr0301417 AGCAGCAGCAG [41] 75855
FBtr0301417 GCAGCAGCAGC [42] 75856
FBtr0301417 AGCAGCAGCAG [41] 75858
FBtr0301417 GCAGCAGCAGC [42] 75859
FBtr0301417 AGCAGCTAGGA [47] 823
FBtr0301417 GCGAGCGAAAA [20] 34090
FBtr0301417 AGCAGCAGCAG [41] 40579
FBtr0301417 GCAGCAGCAGC [42] 40717
FBtr0301417 AGCAGCAGCAG [41] 40719
FBtr0301417 GCAGCAGCAGC [42] 40720
FBtr0301417 CAGCAGCAGCT [43] 40721
FBtr0301417 AGCAGCAGCAG [41] 40803
FBtr0301417 GCAGCAGCAGC [42] 40804
FBtr0301417 AGCAGCAGCAG [41] 40806
FBtr0301417 GCAGCAGCAGC [42] 40807
FBtr0301417 AGCAGCAGCAG [41] 40809
FBtr0301417 GCAGCAGCAGC [42] 40810
FBtr0301417 CAGCAGCAGCT [43] 40811
FBtr0301417 AGCAGCAGCAG [41] 59836
FBtr0301417 GCAGCAGCAGC [42] 59837
FBtr0301417 AGCAGCAGCAG [41] 59839
FBtr0301417 GCAGCAGCAGC [42] 59840
FBtr0301417 AGCAGCAGCAG [41] 59842
FBtr0301417 GCAGCAGCAGC [42] 75850
FBtr0301417 AGCAGCAGCAG [41] 75852
FBtr0301417 GCAGCAGCAGC [42] 75853
FBtr0301417 AGCAGCAGCAG [41] 75855
FBtr0301417 GCAGCAGCAGC [42] 75856
FBtr0301417 AGCAGCAGCAG [41] 75858
FBtr0301417 GCAGCAGCAGC [42] 75859
FBtr0301417 AGCAGCTAGGA [47] 823
FBtr0301417 GCGAGCGAAAA [20] 34090
FBtr0301417 AGCAGCAGCAG [41] 40579
FBtr0301417 GCAGCAGCAGC [42] 40717
FBtr0301417 AGCAGCAGCAG [41] 40719
FBtr0301417 GCAGCAGCAGC [42] 40720
FBtr0301417 CAGCAGCAGCT [43] 40721
FBtr0301417 AGCAGCAGCAG [41] 40803
FBtr0301417 GCAGCAGCAGC [42] 40804
FBtr0301417 AGCAGCAGCAG [41] 40806
FBtr0301417 GCAGCAGCAGC [42] 40807
FBtr0301417 AGCAGCAGCAG [41] 40809
FBtr0301417 GCAGCAGCAGC [42] 40810
FBtr0301417 CAGCAGCAGCT [43] 40811
FBtr0301417 AGCAGCAGCAG [41] 59836
FBtr0301417 GCAGCAGCAGC [42] 59837
FBtr0301417 AGCAGCAGCAG [41] 59839
FBtr0301417 GCAGCAGCAGC [42] 59840
FBtr0301417 AGCAGCAGCAG [41] 59842
FBtr0301417 GCAGCAGCAGC [42] 75850
FBtr0301417 AGCAGCAGCAG [41] 75852
FBtr0301417 GCAGCAGCAGC [42] 75853
FBtr0301417 AGCAGCAGCAG [41] 75855
FBtr0301417 GCAGCAGCAGC [42] 75856
FBtr0301417 AGCAGCAGCAG [41] 75858
FBtr0301417 GCAGCAGCAGC [42] 75859
FBtr0301417 AGCAGCTAGGA [47] 823
FBtr0301417 GCGAGCGAAAA [20] 34090
FBtr0301417 AGCAGCAGCAG [41] 40579
FBtr0301417 GCAGCAGCAGC [42] 40717
FBtr0301417 AGCAGCAGCAG [41] 40719
FBtr0301417 GCAGCAGCAGC [42] 40720
FBtr0301417 CAGCAGCAGCT [43] 40721
FBtr0301417 AGCAGCAGCAG [41] 40803
FBtr0301417 GCAGCAGCAGC [42] 40804
FBtr0301417 AGCAGCAGCAG [41] 40806
FBtr0301417 GCAGCAGCAGC [42] 40807
FBtr0301417 AGCAGCAGCAG [41] 40809
FBtr0301417 GCAGCAGCAGC [42] 40810
FBtr0301417 CAGCAGCAGCT [43] 40811
FBtr0301417 AGCAGCAGCAG [41] 59836
FBtr0301417 GCAGCAGCAGC [42] 59837
FBtr0301417 AGCAGCAGCAG [41] 59839
FBtr0301417 GCAGCAGCAGC [42] 59840
FBtr0301417 AGCAGCAGCAG [41] 59842
FBtr0301417 GCAGCAGCAGC [42] 75850
FBtr0301417 AGCAGCAGCAG [41] 75852
FBtr0301417 GCAGCAGCAGC [42] 75853
FBtr0301417 AGCAGCAGCAG [41] 75855
FBtr0301417 GCAGCAGCAGC [42] 75856
FBtr0301417 AGCAGCAGCAG [41] 75858
FBtr0301417 GCAGCAGCAGC [42] 75859
FBtr0301417 AGCAGCTAGGA [47] 823
FBtr0301417 GCGAGCGAAAA [20] 34090
FBtr0301417 AGCAGCAGCAG [41] 40579
FBtr0301417 GCAGCAGCAGC [42] 40717
FBtr0301417 AGCAGCAGCAG [41] 40719
FBtr0301417 GCAGCAGCAGC [42] 40720
FBtr0301417 CAGCAGCAGCT [43] 40721
FBtr0301417 AGCAGCAGCAG [41] 40803
FBtr0301417 GCAGCAGCAGC [42] 40804
FBtr0301417 AGCAGCAGCAG [41] 40806
FBtr0301417 GCAGCAGCAGC [42] 40807
FBtr0301417 AGCAGCAGCAG [41] 40809
FBtr0301417 GCAGCAGCAGC [42] 40810
FBtr0301417 CAGCAGCAGCT [43] 40811
FBtr0301417 AGCAGCAGCAG [41] 59836
FBtr0301417 GCAGCAGCAGC [42] 59837
FBtr0301417 AGCAGCAGCAG [41] 59839
FBtr0301417 GCAGCAGCAGC [42] 59840
FBtr0301417 AGCAGCAGCAG [41] 59842
FBtr0301417 GCAGCAGCAGC [42] 75850
FBtr0301417 AGCAGCAGCAG [41] 75852
FBtr0301417 GCAGCAGCAGC [42] 75853
FBtr0301417 AGCAGCAGCAG [41] 75855
FBtr0301417 GCAGCAGCAGC [42] 75856
FBtr0301417 AGCAGCAGCAG [41] 75858
FBtr0301417 GCAGCAGCAGC [42] 75859
FBtr0301417 AGCAGCTAGGA [47] 823
FBtr0301417 GCGAGCGAAAA [20] 34090
FBtr0301417 AGCAGCAGCAG [41] 40579
FBtr0301417 GCAGCAGCAGC [42] 40717
FBtr0301417 AGCAGCAGCAG [41] 40719
FBtr0301417 GCAGCAGCAGC [42] 40720
FBtr0301417 CAGCAGCAGCT [43] 40721
FBtr0301417 AGCAGCAGCAG [41] 40803
FBtr0301417 GCAGCAGCAGC [42] 40804
FBtr0301417 AGCAGCAGCAG [41] 40806
FBtr0301417 GCAGCAGCAGC [42] 40807
FBtr0301417 AGCAGCAGCAG [41] 40809
FBtr0301417 GCAGCAGCAGC [42] 40810
FBtr0301417 CAGCAGCAGCT [43] 40811
FBtr0301417 AGCAGCAGCAG [41] 59836
FBtr0301417 GCAGCAGCAGC [42] 59837
FBtr0301417 AGCAGCAGCAG [41] 59839
FBtr0301417 GCAGCAGCAGC [42] 59840
FBtr0301417 AGCAGCAGCAG [41] 59842
FBtr0301417 GCAGCAGCAGC [42] 75850
FBtr0301417 AGCAGCAGCAG [41] 75852
FBtr0301417 GCAGCAGCAGC [42] 75853
FBtr0301417 AGCAGCAGCAG [41] 75855
FBtr0301417 GCAGCAGCAGC [42] 75856
FBtr0301417 AGCAGCAGCAG [41] 75858
FBtr0301417 GCAGCAGCAGC [42] 75859
FBtr0301417 AGCAGCTAGGA [47] 823
FBtr0301417 GCGAGCGAAAA [20] 34090
FBtr0301417 AGCAGCAGCAG [41] 40579
FBtr0301417 GCAGCAGCAGC [42] 40717
FBtr0301417 AGCAGCAGCAG [41] 40719
FBtr0301417 GCAGCAGCAGC [42] 40720
FBtr0301417 CAGCAGCAGCT [43] 40721
FBtr0301417 AGCAGCAGCAG [41] 40803
FBtr0301417 GCAGCAGCAGC [42] 40804
FBtr0301417 AGCAGCAGCAG [41] 40806
FBtr0301417 GCAGCAGCAGC [42] 40807
FBtr0301417 AGCAGCAGCAG [41] 40809
FBtr0301417 GCAGCAGCAGC [42] 40810
FBtr0301417 CAGCAGCAGCT [43] 40811
FBtr0301417 AGCAGCAGCAG [41] 59836
FBtr0301417 GCAGCAGCAGC [42] 59837
FBtr0301417 AGCAGCAGCAG [41] 59839
FBtr0301417 GCAGCAGCAGC [42] 59840
FBtr0301417 AGCAGCAGCAG [41] 59842
FBtr0301417 GCAGCAGCAGC [42] 75850
FBtr0301417 AGCAGCAGCAG [41] 75852
FBtr0301417 GCAGCAGCAGC [42] 75853
FBtr0301417 AGCAGCAGCAG [41] 75855
FBtr0301417 GCAGCAGCAGC [42] 75856
FBtr0301417 AGCAGCAGCAG [41] 75858
FBtr0301417 GCAGCAGCAGC [42] 75859
FBtr0301417 AGCAGCTAGGA [47] 823
FBtr0301417 GCGAGCGAAAA [20] 34090
FBtr0301417 AGCAGCAGCAG [41] 40579
FBtr0301417 GCAGCAGCAGC [42] 40717
FBtr0301417 AGCAGCAGCAG [41] 40719
FBtr0301417 GCAGCAGCAGC [42] 40720
FBtr0301417 CAGCAGCAGCT [43] 40721
FBtr0301417 AGCAGCAGCAG [41] 40803
FBtr0301417 GCAGCAGCAGC [42] 40804
FBtr0301417 AGCAGCAGCAG [41] 40806
FBtr0301417 GCAGCAGCAGC [42] 40807
FBtr0301417 AGCAGCAGCAG [41] 40809
FBtr0301417 GCAGCAGCAGC [42] 40810
FBtr0301417 CAGCAGCAGCT [43] 40811
FBtr0301417 AGCAGCAGCAG [41] 59836
FBtr0301417 GCAGCAGCAGC [42] 59837
FBtr0301417 AGCAGCAGCAG [41] 59839
FBtr0301417 GCAGCAGCAGC [42] 59840
FBtr0301417 AGCAGCAGCAG [41] 59842
FBtr0301417 GCAGCAGCAGC [42] 75850
FBtr0301417 AGCAGCAGCAG [41] 75852
FBtr0301417 GCAGCAGCAGC [42] 75853
FBtr0301417 AGCAGCAGCAG [41] 75855
FBtr0301417 GCAGCAGCAGC [42] 75856
FBtr0301417 AGCAGCAGCAG [41] 75858
FBtr0301417 GCAGCAGCAGC [42] 75859
FBtr0301417 AGCAGCTAGGA [47] 823
FBtr0301417 GCGAGCGAAAA [20] 34090
FBtr0301417 AGCAGCAGCAG [41] 40579
FBtr0301417 GCAGCAGCAGC [42] 40717
FBtr0301417 AGCAGCAGCAG [41] 40719
FBtr0301417 GCAGCAGCAGC [42] 40720
FBtr0301417 CAGCAGCAGCT [43] 40721
FBtr0301417 AGCAGCAGCAG [41] 40803
FBtr0301417 GCAGCAGCAGC [42] 40804
FBtr0301417 AGCAGCAGCAG [41] 40806
FBtr0301417 GCAGCAGCAGC [42] 40807
FBtr0301417 AGCAGCAGCAG [41] 40809
FBtr0301417 GCAGCAGCAGC [42] 40810
FBtr0301417 CAGCAGCAGCT [43] 40811
FBtr0301417 AGCAGCAGCAG [41] 59836
FBtr0301417 GCAGCAGCAGC [42] 59837
FBtr0301417 AGCAGCAGCAG [41] 59839
FBtr0301417 GCAGCAGCAGC [42] 59840
FBtr0301417 AGCAGCAGCAG [41] 59842
FBtr0301417 GCAGCAGCAGC [42] 75850
FBtr0301417 AGCAGCAGCAG [41] 75852
FBtr0301417 GCAGCAGCAGC [42] 75853
FBtr0301417 AGCAGCAGCAG [41] 75855
FBtr0301417 GCAGCAGCAGC [42] 75856
FBtr0301417 AGCAGCAGCAG [41] 75858
FBtr0301417 GCAGCAGCAGC [42] 75859
FBtr0301417 AGCAGCTAGGA [47] 823
FBtr0301417 GCGAGCGAAAA [20] 34090
FBtr0301417 AGCAGCAGCAG [41] 40579
FBtr0301417 GCAGCAGCAGC [42] 40717
FBtr0301417 AGCAGCAGCAG [41] 40719
FBtr0301417 GCAGCAGCAGC [42] 40720
FBtr0301417 CAGCAGCAGCT [43] 40721
FBtr0301417 AGCAGCAGCAG [41] 40803
FBtr0301417 GCAGCAGCAGC [42] 40804
FBtr0301417 AGCAGCAGCAG [41] 40806
FBtr0301417 GCAGCAGCAGC [42] 40807
FBtr0301417 AGCAGCAGCAG [41] 40809
FBtr0301417 GCAGCAGCAGC [42] 40810
FBtr0301417 CAGCAGCAGCT [43] 40811
FBtr0301417 AGCAGCAGCAG [41] 59836
FBtr0301417 GCAGCAGCAGC [42] 59837
FBtr0301417 AGCAGCAGCAG [41] 59839
FBtr0301417 GCAGCAGCAGC [42] 59840
FBtr0301417 AGCAGCAGCAG [41] 59842
FBtr0301417 GCAGCAGCAGC [42] 75850
FBtr0301417 AGCAGCAGCAG [41] 75852
FBtr0301417 GCAGCAGCAGC [42] 75853
FBtr0301417 AGCAGCAGCAG [41] 75855
FBtr0301417 GCAGCAGCAGC [42] 75856
FBtr0301417 AGCAGCAGCAG [41] 75858
FBtr0301417 GCAGCAGCAGC [42] 75859
FBtr0301417 AGCAGCTAGGA [47] 823
FBtr0301417 GCGAGCGAAAA [20] 34090
FBtr0301417 AGCAGCAGCAG [41] 40579
FBtr0301417 GCAGCAGCAGC [42] 40717
FBtr0301417 AGCAGCAGCAG [41] 40719
FBtr0301417 GCAGCAGCAGC [42] 40720
FBtr0301417 CAGCAGCAGCT [43] 40721
FBtr0301417 AGCAGCAGCAG [41] 40803
FBtr0301417 GCAGCAGCAGC [42] 40804
FBtr0301417 AGCAGCAGCAG [41] 40806
FBtr0301417 GCAGCAGCAGC [42] 40807
FBtr0301417 AGCAGCAGCAG [41] 40809
FBtr0301417 GCAGCAGCAGC [42] 40810
FBtr0301417 CAGCAGCAGCT [43] 40811
FBtr0301417 AGCAGCAGCAG [41] 59836
FBtr0301417 GCAGCAGCAGC [42] 59837
FBtr0301417 AGCAGCAGCAG [41] 59839
FBtr0301417 GCAGCAGCAGC [42] 59840
FBtr0301417 AGCAGCAGCAG [41] 59842
FBtr0301417 GCAGCAGCAGC [42] 75850
FBtr0301417 AGCAGCAGCAG [41] 75852
FBtr0301417 GCAGCAGCAGC [42] 75853
FBtr0301417 AGCAGCAGCAG [41] 75855
FBtr0301417 GCAGCAGCAGC [42] 75856
FBtr0301417 AGCAGCAGCAG [41] 75858
FBtr0301417 GCAGCAGCAGC [42] 75859
FBtr0301417 AGCAGCTAGGA [47] 823
FBtr0301417 GCGAGCGAAAA [20] 34090
FBtr0301417 AGCAGCAGCAG [41] 40579
FBtr0301417 GCAGCAGCAGC [42] 40717
FBtr0301417 AGCAGCAGCAG [41] 40719
FBtr0301417 GCAGCAGCAGC [42] 40720
FBtr0301417 CAGCAGCAGCT [43] 40721
FBtr0301417 AGCAGCAGCAG [41] 40803
FBtr0301417 GCAGCAGCAGC [42] 40804
FBtr0301417 AGCAGCAGCAG [41] 40806
FBtr0301417 GCAGCAGCAGC [42] 40807
FBtr0301417 AGCAGCAGCAG [41] 40809
FBtr0301417 GCAGCAGCAGC [42] 40810
FBtr0301417 CAGCAGCAGCT [43] 40811
FBtr0301417 AGCAGCAGCAG [41] 59836
FBtr0301417 GCAGCAGCAGC [42] 59837
FBtr0301417 AGCAGCAGCAG [41] 59839
FBtr0301417 GCAGCAGCAGC [42] 59840
FBtr0301417 AGCAGCAGCAG [41] 59842
FBtr0301417 GCAGCAGCAGC [42] 75850
FBtr0301417 AGCAGCAGCAG [41] 75852
FBtr0301417 GCAGCAGCAGC [42] 75853
FBtr0301417 AGCAGCAGCAG [41] 75855
FBtr0301417 GCAGCAGCAGC [42] 75856
FBtr0301417 AGCAGCAGCAG [41] 75858
FBtr0301417 GCAGCAGCAGC [42] 75859
FBtr0301417 AGCAGCTAGGA [47] 823
FBtr0301417 GCGAGCGAAAA [20] 34090
FBtr0301417 AGCAGCAGCAG [41] 40579
FBtr0301417 GCAGCAGCAGC [42] 40717
FBtr0301417 AGCAGCAGCAG [41] 40719
FBtr0301417 GCAGCAGCAGC [42] 40720
FBtr0301417 CAGCAGCAGCT [43] 40721
FBtr0301417 AGCAGCAGCAG [41] 40803
FBtr0301417 GCAGCAGCAGC [42] 40804
FBtr0301417 AGCAGCAGCAG [41] 40806
FBtr0301417 GCAGCAGCAGC [42] 40807
FBtr0301417 AGCAGCAGCAG [41] 40809
FBtr0301417 GCAGCAGCAGC [42] 40810
FBtr0301417 CAGCAGCAGCT [43] 40811
FBtr0301417 AGCAGCAGCAG [41] 59836
FBtr0301417 GCAGCAGCAGC [42] 59837
FBtr0301417 AGCAGCAGCAG [41] 59839
FBtr0301417 GCAGCAGCAGC [42] 59840
FBtr0301417 AGCAGCAGCAG [41] 59842
FBtr0301417 GCAGCAGCAGC [42] 75850
FBtr0301417 AGCAGCAGCAG [41] 75852
FBtr0301417 GCAGCAGCAGC [42] 75853
FBtr0301417 AGCAGCAGCAG [41] 75855
FBtr0301417 GCAGCAGCAGC [42] 75856
FBtr0301417 AGCAGCAGCAG [41] 75858
FBtr0301417 GCAGCAGCAGC [42] 75859
FBtr0301417 AGCAGCTAGGA [47] 823
FBtr0301417 GCGAGCGAAAA [20] 34090
FBtr0301417 AGCAGCAGCAG [41] 40579
FBtr0301417 GCAGCAGCAGC [42] 40717
FBtr0301417 AGCAGCAGCAG [41] 40719
FBtr0301417 GCAGCAGCAGC [42] 40720
FBtr0301417 CAGCAGCAGCT [43] 40721
FBtr0301417 AGCAGCAGCAG [41] 40803
FBtr0301417 GCAGCAGCAGC [42] 40804
FBtr0301417 AGCAGCAGCAG [41] 40806
FBtr0301417 GCAGCAGCAGC [42] 40807
FBtr0301417 AGCAGCAGCAG [41] 40809
FBtr0301417 GCAGCAGCAGC [42] 40810
FBtr0301417 CAGCAGCAGCT [43] 40811
FBtr0301417 AGCAGCAGCAG [41] 59836
FBtr0301417 GCAGCAGCAGC [42] 59837
FBtr0301417 AGCAGCAGCAG [41] 59839
FBtr0301417 GCAGCAGCAGC [42] 59840
FBtr0301417 AGCAGCAGCAG [41] 59842
FBtr0301417 GCAGCAGCAGC [42] 75850
FBtr0301417 AGCAGCAGCAG [41] 75852
FBtr0301417 GCAGCAGCAGC [42] 75853
FBtr0301417 AGCAGCAGCAG [41] 75855
FBtr0301417 GCAGCAGCAGC [42] 75856
FBtr0301417 AGCAGCAGCAG [41] 75858
FBtr0301417 GCAGCAGCAGC [42] 75859
FBtr0301417 AGCAGCTAGGA [47] 823
FBtr0301417 GCGAGCGAAAA [20] 34090
FBtr0301417 AGCAGCAGCAG [41] 40579
FBtr0301417 GCAGCAGCAGC [42] 40717
FBtr0301417 AGCAGCAGCAG [41] 40719
FBtr0301417 GCAGCAGCAGC [42] 40720
FBtr0301417 CAGCAGCAGCT [43] 40721
FBtr0301417 AGCAGCAGCAG [41] 40803
FBtr0301417 GCAGCAGCAGC [42] 40804
FBtr0301417 AGCAGCAGCAG [41] 40806
FBtr0301417 GCAGCAGCAGC [42] 40807
FBtr0301417 AGCAGCAGCAG [41] 40809
FBtr0301417 GCAGCAGCAGC [42] 40810
FBtr0301417 CAGCAGCAGCT [43] 40811
FBtr0301417 AGCAGCAGCAG [41] 59836
FBtr0301417 GCAGCAGCAGC [42] 59837
FBtr0301417 AGCAGCAGCAG [41] 59839
FBtr0301417 GCAGCAGCAGC [42] 59840
FBtr0301417 AGCAGCAGCAG [41] 59842
FBtr0301417 GCAGCAGCAGC [42] 75850
FBtr0301417 AGCAGCAGCAG [41] 75852
FBtr0301417 GCAGCAGCAGC [42] 75853
FBtr0301417 AGCAGCAGCAG [41] 75855
FBtr0301417 GCAGCAGCAGC [42] 75856
FBtr0301417 AGCAGCAGCAG [41] 75858
FBtr0301417 GCAGCAGCAGC [42] 75859
FBtr0301417 AGCAGCTAGGA [47] 823
FBtr0301417 GCGAGCGAAAA [20] 34090
FBtr0301417 AGCAGCAGCAG [41] 40579
FBtr0301417 GCAGCAGCAGC [42] 40717
FBtr0301417 AGCAGCAGCAG [41] 40719
FBtr0301417 GCAGCAGCAGC [42] 40720
FBtr0301417 CAGCAGCAGCT [43] 40721
FBtr0301417 AGCAGCAGCAG [41] 40803
FBtr0301417 GCAGCAGCAGC [42] 40804
FBtr0301417 AGCAGCAGCAG [41] 40806
FBtr0301417 GCAGCAGCAGC [42] 40807
FBtr0301417 AGCAGCAGCAG [41] 40809
FBtr0301417 GCAGCAGCAGC [42] 40810
FBtr0301417 CAGCAGCAGCT [43] 40811
FBtr0301417 AGCAGCAGCAG [41] 59836
FBtr0301417 GCAGCAGCAGC [42] 59837
FBtr0301417 AGCAGCAGCAG [41] 59839
FBtr0301417 GCAGCAGCAGC [42] 59840
FBtr0301417 AGCAGCAGCAG [41] 59842
FBtr0301417 GCAGCAGCAGC [42] 75850
FBtr0301417 AGCAGCAGCAG [41] 75852
FBtr0301417 GCAGCAGCAGC [42] 75853
FBtr0301417 AGCAGCAGCAG [41] 75855
FBtr0301417 GCAGCAGCAGC [42] 75856
FBtr0301417 AGCAGCAGCAG [41] 75858
FBtr0301417 GCAGCAGCAGC [42] 75859
FBtr0301417 AGCAGCTAGGA [47] 823
FBtr0301417 GCGAGCGAAAA [20] 34090
FBtr0301417 AGCAGCAGCAG [41] 40579
FBtr0301417 GCAGCAGCAGC [42] 40717
FBtr0301417 AGCAGCAGCAG [41] 40719
FBtr0301417 GCAGCAGCAGC [42] 40720
FBtr0301417 CAGCAGCAGCT [43] 40721
FBtr0301417 AGCAGCAGCAG [41] 40803
FBtr0301417 GCAGCAGCAGC [42] 40804
FBtr0301417 AGCAGCAGCAG [41] 40806
FBtr0301417 GCAGCAGCAGC [42] 40807
FBtr0301417 AGCAGCAGCAG [41] 40809
FBtr0301417 GCAGCAGCAGC [42] 40810
FBtr0301417 CAGCAGCAGCT [43] 40811
FBtr0301417 AGCAGCAGCAG [41] 59836
FBtr0301417 GCAGCAGCAGC [42] 59837
FBtr0301417 AGCAGCAGCAG [41] 59839
FBtr0301417 GCAGCAGCAGC [42] 59840
FBtr0301417 AGCAGCAGCAG [41] 59842
FBtr0301417 GCAGCAGCAGC [42] 75850
FBtr0301417 AGCAGCAGCAG [41] 75852
FBtr0301417 GCAGCAGCAGC [42] 75853
FBtr0301417 AGCAGCAGCAG [41] 75855
FBtr0301417 GCAGCAGCAGC [42] 75856
FBtr0301417 AGCAGCAGCAG [41] 75858
FBtr0301417 GCAGCAGCAGC [42] 75859
FBtr0301417 AGCAGCTAGGA [47] 823
FBtr0301417 GCGAGCGAAAA [20] 34090
FBtr0301417 AGCAGCAGCAG [41] 40579
FBtr0301417 GCAGCAGCAGC [42] 40717
FBtr0301417 AGCAGCAGCAG [41] 40719
FBtr0301417 GCAGCAGCAGC [42] 40720
FBtr0301417 CAGCAGCAGCT [43] 40721
FBtr0301417 AGCAGCAGCAG [41] 40803
FBtr0301417 GCAGCAGCAGC [42] 40804
FBtr0301417 AGCAGCAGCAG [41] 40806
FBtr0301417 GCAGCAGCAGC [42] 40807
FBtr0301417 AGCAGCAGCAG [41] 40809
FBtr0301417 GCAGCAGCAGC [42] 40810
FBtr0301417 CAGCAGCAGCT [43] 40811
FBtr0301417 AGCAGCAGCAG [41] 59836
FBtr0301417 GCAGCAGCAGC [42] 59837
FBtr0301417 AGCAGCAGCAG [41] 59839
FBtr0301417 GCAGCAGCAGC [42] 59840
FBtr0301417 AGCAGCAGCAG [41] 59842
FBtr0301417 GCAGCAGCAGC [42] 75850
FBtr0301417 AGCAGCAGCAG [41] 75852
FBtr0301417 GCAGCAGCAGC [42] 75853
FBtr0301417 AGCAGCAGCAG [41] 75855
FBtr0301417 GCAGCAGCAGC [42] 75856
FBtr0301417 AGCAGCAGCAG [41] 75858
FBtr0301417 GCAGCAGCAGC [42] 75859
FBtr0301417 AGCAGCTAGGA [47] 823
FBtr0301417 GCGAGCGAAAA [20] 34090
FBtr0301417 AGCAGCAGCAG [41] 40579
FBtr0301417 GCAGCAGCAGC [42] 40717
FBtr0301417 AGCAGCAGCAG [41] 40719
FBtr0301417 GCAGCAGCAGC [42] 40720
FBtr0301417 CAGCAGCAGCT [43] 40721
FBtr0301417 AGCAGCAGCAG [41] 40803
FBtr0301417 GCAGCAGCAGC [42] 40804
FBtr0301417 AGCAGCAGCAG [41] 40806
FBtr0301417 GCAGCAGCAGC [42] 40807
FBtr0301417 AGCAGCAGCAG [41] 40809
FBtr0301417 GCAGCAGCAGC [42] 40810
FBtr0301417 CAGCAGCAGCT [43] 40811
FBtr0301417 AGCAGCAGCAG [41] 59836
FBtr0301417 GCAGCAGCAGC [42] 59837
FBtr0301417 AGCAGCAGCAG [41] 59839
FBtr0301417 GCAGCAGCAGC [42] 59840
FBtr0301417 AGCAGCAGCAG [41] 59842
FBtr0301417 GCAGCAGCAGC [42] 75850
FBtr0301417 AGCAGCAGCAG [41] 75852
FBtr0301417 GCAGCAGCAGC [42] 75853
FBtr0301417 AGCAGCAGCAG [41] 75855
FBtr0301417 GCAGCAGCAGC [42] 75856
FBtr0301417 AGCAGCAGCAG [41] 75858
FBtr0301417 GCAGCAGCAGC [42] 75859
FBtr0301417 AGCAGCTAGGA [47] 823
FBtr0301417 GCGAGCGAAAA [20] 34090
FBtr0301417 AGCAGCAGCAG [41] 40579
FBtr0301417 GCAGCAGCAGC [42] 40717
FBtr0301417 AGCAGCAGCAG [41] 40719
FBtr0301417 GCAGCAGCAGC [42] 40720
FBtr0301417 CAGCAGCAGCT [43] 40721
FBtr0301417 AGCAGCAGCAG [41] 40803
FBtr0301417 GCAGCAGCAGC [42] 40804
FBtr0301417 AGCAGCAGCAG [41] 40806
FBtr0301417 GCAGCAGCAGC [42] 40807
FBtr0301417 AGCAGCAGCAG [41] 40809
FBtr0301417 GCAGCAGCAGC [42] 40810
FBtr0301417 CAGCAGCAGCT [43] 40811
FBtr0301417 AGCAGCAGCAG [41] 59836
FBtr0301417 GCAGCAGCAGC [42] 59837
FBtr0301417 AGCAGCAGCAG [41] 59839
FBtr0301417 GCAGCAGCAGC [42] 59840
FBtr0301417 AGCAGCAGCAG [41] 59842
FBtr0301417 GCAGCAGCAGC [42] 75850
FBtr0301417 AGCAGCAGCAG [41] 75852
FBtr0301417 GCAGCAGCAGC [42] 75853
FBtr0301417 AGCAGCAGCAG [41] 75855
FBtr0301417 GCAGCAGCAGC [42] 75856
FBtr0301417 AGCAGCAGCAG [41] 75858
FBtr0301417 GCAGCAGCAGC [42] 75859
FBtr0301417 AGCAGCTAGGA [47] 823
FBtr0301417 GCGAGCGAAAA [20] 34090
FBtr0301417 AGCAGCAGCAG [41] 40579
FBtr0301417 GCAGCAGCAGC [42] 40717
FBtr0301417 AGCAGCAGCAG [41] 40719
FBtr0301417 GCAGCAGCAGC [42] 40720
FBtr0301417 CAGCAGCAGCT [43] 40721
FBtr0301417 AGCAGCAGCAG [41] 40803
FBtr0301417 GCAGCAGCAGC [42] 40804
FBtr0301417 AGCAGCAGCAG [41] 40806
FBtr0301417 GCAGCAGCAGC [42] 40807
FBtr0301417 AGCAGCAGCAG [41] 40809
FBtr0301417 GCAGCAGCAGC [42] 40810
FBtr0301417 CAGCAGCAGCT [43] 40811
FBtr0301417 AGCAGCAGCAG [41] 59836
FBtr0301417 GCAGCAGCAGC [42] 59837
FBtr0301417 AGCAGCAGCAG [41] 59839
FBtr0301417 GCAGCAGCAGC [42] 59840
FBtr0301417 AGCAGCAGCAG [41] 59842
FBtr0301417 GCAGCAGCAGC [42] 75850
FBtr0301417 AGCAGCAGCAG [41] 75852
FBtr0301417 GCAGCAGCAGC [42] 75853
FBtr0301417 AGCAGCAGCAG [41] 75855
FBtr0301417 GCAGCAGCAGC [42] 75856
FBtr0301417 AGCAGCAGCAG [41] 75858
FBtr0301417 GCAGCAGCAGC [42] 75859
FBtr0301417 AGCAGCTAGGA [47] 823
FBtr0301417 GCGAGCGAAAA [20] 34090
FBtr0301417 AGCAGCAGCAG [41] 40579
FBtr0301417 GCAGCAGCAGC [42] 40717
FBtr0301417 AGCAGCAGCAG [41] 40719
FBtr0301417 GCAGCAGCAGC [42] 40720
FBtr0301417 CAGCAGCAGCT [43] 40721
FBtr0301417 AGCAGCAGCAG [41] 40803
FBtr0301417 GCAGCAGCAGC [42] 40804
FBtr0301417 AGCAGCAGCAG [41] 40806
FBtr0301417 GCAGCAGCAGC [42] 40807
FBtr0301417 AGCAGCAGCAG [41] 40809
FBtr0301417 GCAGCAGCAGC [42] 40810
FBtr0301417 CAGCAGCAGCT [43] 40811
FBtr0301417 AGCAGCAGCAG [41] 59836
FBtr0301417 GCAGCAGCAGC [42] 59837
FBtr0301417 AGCAGCAGCAG [41] 59839
FBtr0301417 GCAGCAGCAGC [42] 59840
FBtr0301417 AGCAGCAGCAG [41] 59842
FBtr0301417 GCAGCAGCAGC [42] 75850
FBtr0301417 AGCAGCAGCAG [41] 75852
FBtr0301417 GCAGCAGCAGC [42] 75853
FBtr0301417 AGCAGCAGCAG [41] 75855
FBtr0301417 GCAGCAGCAGC [42] 75856
FBtr0301417 AGCAGCAGCAG [41] 75858
FBtr0301417 GCAGCAGCAGC [42] 75859
FBtr0301417 AGCAGCTAGGA [47] 823
FBtr0301417 GCGAGCGAAAA [20] 34090
FBtr0301417 AGCAGCAGCAG [41] 40579
FBtr0301417 GCAGCAGCAGC [42] 40717
FBtr0301417 AGCAGCAGCAG [41] 40719
FBtr0301417 GCAGCAGCAGC [42] 40720
FBtr0301417 CAGCAGCAGCT [43] 40721
FBtr0301417 AGCAGCAGCAG [41] 40803
FBtr0301417 GCAGCAGCAGC [42] 40804
FBtr0301417 AGCAGCAGCAG [41] 40806
FBtr0301417 GCAGCAGCAGC [42] 40807
FBtr0301417 AGCAGCAGCAG [41] 40809
FBtr0301417 GCAGCAGCAGC [42] 40810
FBtr0301417 CAGCAGCAGCT [43] 40811
FBtr0301417 AGCAGCAGCAG [41] 59836
FBtr0301417 GCAGCAGCAGC [42] 59837
FBtr0301417 AGCAGCAGCAG [41] 59839
FBtr0301417 GCAGCAGCAGC [42] 59840
FBtr0301417 AGCAGCAGCAG [41] 59842
FBtr0301417 GCAGCAGCAGC [42] 75850
FBtr0301417 AGCAGCAGCAG [41] 75852
FBtr0301417 GCAGCAGCAGC [42] 75853
FBtr0301417 AGCAGCAGCAG [41] 75855
FBtr0301417 GCAGCAGCAGC [42] 75856
FBtr0301417 AGCAGCAGCAG [41] 75858
FBtr0301417 GCAGCAGCAGC [42] 75859
FBtr0301417 AGCAGCTAGGA [47] 823
FBtr0301417 GCGAGCGAAAA [20] 34090
FBtr0301417 AGCAGCAGCAG [41] 40579
FBtr0301417 GCAGCAGCAGC [42] 40717
FBtr0301417 AGCAGCAGCAG [41] 40719
FBtr0301417 GCAGCAGCAGC [42] 40720
FBtr0301417 CAGCAGCAGCT [43] 40721
FBtr0301417 AGCAGCAGCAG [41] 40803
FBtr0301417 GCAGCAGCAGC [42] 40804
FBtr0301417 AGCAGCAGCAG [41] 40806
FBtr0301417 GCAGCAGCAGC [42] 40807
FBtr0301417 AGCAGCAGCAG [41] 40809
FBtr0301417 GCAGCAGCAGC [42] 40810
FBtr0301417 CAGCAGCAGCT [43] 40811
FBtr0301417 AGCAGCAGCAG [41] 59836
FBtr0301417 GCAGCAGCAGC [42] 59837
FBtr0301417 AGCAGCAGCAG [41] 59839
FBtr0301417 GCAGCAGCAGC [42] 59840
FBtr0301417 AGCAGCAGCAG [41] 59842
FBtr0301417 GCAGCAGCAGC [42] 75850
FBtr0301417 AGCAGCAGCAG [41] 75852
FBtr0301417 GCAGCAGCAGC [42] 75853
FBtr0301417 AGCAGCAGCAG [41] 75855
FBtr0301417 GCAGCAGCAGC [42] 75856
FBtr0301417 AGCAGCAGCAG [41] 75858
FBtr0301417 GCAGCAGCAGC [42] 75859
FBtr0301417 AGCAGCTAGGA [47] 823
FBtr0301417 GCGAGCGAAAA [20] 34090
FBtr0301417 AGCAGCAGCAG [41] 40579
FBtr0301417 GCAGCAGCAGC [42] 40717
FBtr0301417 AGCAGCAGCAG [41] 40719
FBtr0301417 GCAGCAGCAGC [42] 40720
FBtr0301417 CAGCAGCAGCT [43] 40721
FBtr0301417 AGCAGCAGCAG [41] 40803
FBtr0301417 GCAGCAGCAGC [42] 40804
FBtr0301417 AGCAGCAGCAG [41] 40806
FBtr0301417 GCAGCAGCAGC [42] 40807
FBtr0301417 AGCAGCAGCAG [41] 40809
FBtr0301417 GCAGCAGCAGC [42] 40810
FBtr0301417 CAGCAGCAGCT [43] 40811
FBtr0301417 AGCAGCAGCAG [41] 59836
FBtr0301417 GCAGCAGCAGC [42] 59837
FBtr0301417 AGCAGCAGCAG [41] 59839
FBtr0301417 GCAGCAGCAGC [42] 59840
FBtr0301417 AGCAGCAGCAG [41] 59842
FBtr0301417 GCAGCAGCAGC [42] 75850
FBtr0301417 AGCAGCAGCAG [41] 75852
FBtr0301417 GCAGCAGCAGC [42] 75853
FBtr0301417 AGCAGCAGCAG [41] 75855
FBtr0301417 GCAGCAGCAGC [42] 75856
FBtr0301417 AGCAGCAGCAG [41] 75858
FBtr0301417 GCAGCAGCAGC [42] 75859
FBtr0301417 AGCAGCTAGGA [47] 823
FBtr0301417 GCGAGCGAAAA [20] 34090
FBtr0301417 AGCAGCAGCAG [41] 40579
FBtr0301417 GCAGCAGCAGC [42] 40717
FBtr0301417 AGCAGCAGCAG [41] 40719
FBtr0301417 GCAGCAGCAGC [42] 40720
FBtr0301417 CAGCAGCAGCT [43] 40721
FBtr0301417 AGCAGCAGCAG [41] 40803
FBtr0301417 GCAGCAGCAGC [42] 40804
FBtr0301417 AGCAGCAGCAG [41] 40806
FBtr0301417 GCAGCAGCAGC [42] 40807
FBtr0301417 AGCAGCAGCAG [41] 40809
FBtr0301417 GCAGCAGCAGC [42] 40810
FBtr0301417 CAGCAGCAGCT [43] 40811
FBtr0301417 AGCAGCAGCAG [41] 59836
FBtr0301417 GCAGCAGCAGC [42] 59837
FBtr0301417 AGCAGCAGCAG [41] 59839
FBtr0301417 GCAGCAGCAGC [42] 59840
FBtr0301417 AGCAGCAGCAG [41] 59842
FBtr0301417 GCAGCAGCAGC [42] 75850
FBtr0301417 AGCAGCAGCAG [41] 75852
FBtr0301417 GCAGCAGCAGC [42] 75853
FBtr0301417 AGCAGCAGCAG [41] 75855
FBtr0301417 GCAGCAGCAGC [42] 75856
FBtr0301417 AGCAGCAGCAG [41] 75858
FBtr0301417 GCAGCAGCAGC [42] 75859
FBtr0301417 AGCAGCTAGGA [47] 823
FBtr0301417 GCGAGCGAAAA [20] 34090
FBtr0301417 AGCAGCAGCAG [41] 40579
FBtr0301417 GCAGCAGCAGC [42] 40717
FBtr0301417 AGCAGCAGCAG [41] 40719
FBtr0301417 GCAGCAGCAGC [42] 40720
FBtr0301417 CAGCAGCAGCT [43] 40721
FBtr0301417 AGCAGCAGCAG [41] 40803
FBtr0301417 GCAGCAGCAGC [42] 40804
FBtr0301417 AGCAGCAGCAG [41] 40806
FBtr0301417 GCAGCAGCAGC [42] 40807
FBtr0301417 AGCAGCAGCAG [41] 40809
FBtr0301417 GCAGCAGCAGC [42] 40810
FBtr0301417 CAGCAGCAGCT [43] 40811
FBtr0301417 AGCAGCAGCAG [41] 59836
FBtr0301417 GCAGCAGCAGC [42] 59837
FBtr0301417 AGCAGCAGCAG [41] 59839
FBtr0301417 GCAGCAGCAGC [42] 59840
FBtr0301417 AGCAGCAGCAG [41] 59842
FBtr0301417 GCAGCAGCAGC [42] 75850
FBtr0301417 AGCAGCAGCAG [41] 75852
FBtr0301417 GCAGCAGCAGC [42] 75853
FBtr0301417 AGCAGCAGCAG [41] 75855
FBtr0301417 GCAGCAGCAGC [42] 75856
FBtr0301417 AGCAGCAGCAG [41] 75858
FBtr0301417 GCAGCAGCAGC [42] 75859
FBtr0301417 AGCAGCTAGGA [47] 823
FBtr0301417 GCGAGCGAAAA [20] 34090
FBtr0301417 AGCAGCAGCAG [41] 40579
FBtr0301417 GCAGCAGCAGC [42] 40717
FBtr0301417 AGCAGCAGCAG [41] 40719
FBtr0301417 GCAGCAGCAGC [42] 40720
FBtr0301417 CAGCAGCAGCT [43] 40721
FBtr0301417 AGCAGCAGCAG [41] 40803
FBtr0301417 GCAGCAGCAGC [42] 40804
FBtr0301417 AGCAGCAGCAG [41] 40806
FBtr0301417 GCAGCAGCAGC [42] 40807
FBtr0301417 AGCAGCAGCAG [41] 40809
FBtr0301417 GCAGCAGCAGC [42] 40810
FBtr0301417 CAGCAGCAGCT [43] 40811
FBtr0301417 AGCAGCAGCAG [41] 59836
FBtr0301417 GCAGCAGCAGC [42] 59837
FBtr0301417 AGCAGCAGCAG [41] 59839
FBtr0301417 GCAGCAGCAGC [42] 59840
FBtr0301417 AGCAGCAGCAG [41] 59842
FBtr0301417 GCAGCAGCAGC [42] 75850
FBtr0301417 AGCAGCAGCAG [41] 75852
FBtr0301417 GCAGCAGCAGC [42] 75853
FBtr0301417 AGCAGCAGCAG [41] 75855
FBtr0301417 GCAGCAGCAGC [42] 75856
FBtr0301417 AGCAGCAGCAG [41] 75858
FBtr0301417 GCAGCAGCAGC [42] 75859
FBtr0301417 AGCAGCTAGGA [47] 823
FBtr0301417 GCGAGCGAAAA [20] 34090
FBtr0301417 AGCAGCAGCAG [41] 40579
FBtr0301417 GCAGCAGCAGC [42] 40717
FBtr0301417 AGCAGCAGCAG [41] 40719
FBtr0301417 GCAGCAGCAGC [42] 40720
FBtr0301417 CAGCAGCAGCT [43] 40721
FBtr0301417 AGCAGCAGCAG [41] 40803
FBtr0301417 GCAGCAGCAGC [42] 40804
FBtr0301417 AGCAGCAGCAG [41] 40806
FBtr0301417 GCAGCAGCAGC [42] 40807
FBtr0301417 AGCAGCAGCAG [41] 40809
FBtr0301417 GCAGCAGCAGC [42] 40810
FBtr0301417 CAGCAGCAGCT [43] 40811
FBtr0301417 AGCAGCAGCAG [41] 59836
FBtr0301417 GCAGCAGCAGC [42] 59837
FBtr0301417 AGCAGCAGCAG [41] 59839
FBtr0301417 GCAGCAGCAGC [42] 59840
FBtr0301417 AGCAGCAGCAG [41] 59842
FBtr0301417 GCAGCAGCAGC [42] 75850
FBtr0301417 AGCAGCAGCAG [41] 75852
FBtr0301417 GCAGCAGCAGC [42] 75853
FBtr0301417 AGCAGCAGCAG [41] 75855
FBtr0301417 GCAGCAGCAGC [42] 75856
FBtr0301417 AGCAGCAGCAG [41] 75858
FBtr0301417 GCAGCAGCAGC [42] 75859
FBtr0301417 AGCAGCTAGGA [47] 823
FBtr0301417 GCGAGCGAAAA [20] 34090
FBtr0301417 AGCAGCAGCAG [41] 40579
FBtr0301417 GCAGCAGCAGC [42] 40717
FBtr0301417 AGCAGCAGCAG [41] 40719
FBtr0301417 GCAGCAGCAGC [42] 40720
FBtr0301417 CAGCAGCAGCT [43] 40721
FBtr0301417 AGCAGCAGCAG [41] 40803
FBtr0301417 GCAGCAGCAGC [42] 40804
FBtr0301417 AGCAGCAGCAG [41] 40806
FBtr0301417 GCAGCAGCAGC [42] 40807
FBtr0301417 AGCAGCAGCAG [41] 40809
FBtr0301417 GCAGCAGCAGC [42] 40810
FBtr0301417 CAGCAGCAGCT [43] 40811
FBtr0301417 AGCAGCAGCAG [41] 59836
FBtr0301417 GCAGCAGCAGC [42] 59837
FBtr0301417 AGCAGCAGCAG [41] 59839
FBtr0301417 GCAGCAGCAGC [42] 59840
FBtr0301417 AGCAGCAGCAG [41] 59842
FBtr0301417 GCAGCAGCAGC [42] 75850
FBtr0301417 AGCAGCAGCAG [41] 75852
FBtr0301417 GCAGCAGCAGC [42] 75853
FBtr0301417 AGCAGCAGCAG [41] 75855
FBtr0301417 GCAGCAGCAGC [42] 75856
FBtr0301417 AGCAGCAGCAG [41] 75858
FBtr0301417 GCAGCAGCAGC [42] 75859
FBtr0301417 AGCAGCTAGGA [47] 823
FBtr0301417 GCGAGCGAAAA [20] 34090
FBtr0301417 AGCAGCAGCAG [41] 40579
FBtr0301417 GCAGCAGCAGC [42] 40717
FBtr0301417 AGCAGCAGCAG [41] 40719
FBtr0301417 GCAGCAGCAGC [42] 40720
FBtr0301417 CAGCAGCAGCT [43] 40721
FBtr0301417 AGCAGCAGCAG [41] 40803
FBtr0301417 GCAGCAGCAGC [42] 40804
FBtr0301417 AGCAGCAGCAG [41] 40806
FBtr0301417 GCAGCAGCAGC [42] 40807
FBtr0301417 AGCAGCAGCAG [41] 40809
FBtr0301417 GCAGCAGCAGC [42] 40810
FBtr0301417 CAGCAGCAGCT [43] 40811
FBtr0301417 AGCAGCAGCAG [41] 59836
FBtr0301417 GCAGCAGCAGC [42] 59837
FBtr0301417 AGCAGCAGCAG [41] 59839
FBtr0301417 GCAGCAGCAGC [42] 59840
FBtr0301417 AGCAGCAGCAG [41] 59842
FBtr0301417 GCAGCAGCAGC [42] 75850
FBtr0301417 AGCAGCAGCAG [41] 75852
FBtr0301417 GCAGCAGCAGC [42] 75853
FBtr0301417 AGCAGCAGCAG [41] 75855
FBtr0301417 GCAGCAGCAGC [42] 75856
FBtr0301417 AGCAGCAGCAG [41] 75858
FBtr0301417 GCAGCAGCAGC [42] 75859
FBtr0301417 AGCAGCTAGGA [47] 823
FBtr0301417 GCGAGCGAAAA [20] 34090
FBtr0301417 AGCAGCAGCAG [41] 40579
FBtr0301417 GCAGCAGCAGC [42] 40717
FBtr0301417 AGCAGCAGCAG [41] 40719
FBtr0301417 GCAGCAGCAGC [42] 40720
FBtr0301417 CAGCAGCAGCT [43] 40721
FBtr0301417 AGCAGCAGCAG [41] 40803
FBtr0301417 GCAGCAGCAGC [42] 40804
FBtr0301417 AGCAGCAGCAG [41] 40806
FBtr0301417 GCAGCAGCAGC [42] 40807
FBtr0301417 AGCAGCAGCAG [41] 40809
