52	2L	-	9839	18570	FBtr0078170	9	5248	P08111	l(2)gl	14.210197	20.633148
53	2L	-	9839	18570	FBtr0078171	10	5391	P08111	l(2)gl	0.011522	0.016730
54	2L	-	9839	21376	FBtr0078166	9	5155	P08111	l(2)gl	0.000000	0.000000
55	2L	-	9839	21376	FBtr0078167	9	5230	P08111	l(2)gl	1.366175	1.983681
56	2L	-	9839	21376	FBtr0078168	9	5225	P08111	l(2)gl	0.000000	0.000000
57	2L	-	9839	21376	FBtr0078169	10	5082	P08111	l(2)gl	0.000000	0.000000
58	2L	-	9839	21376	FBtr0306589	10	5315	P08111	l(2)gl	0.000000	0.000000
59	2L	-	9839	21376	FBtr0306590	9	5179	P08111	l(2)gl	0.000000	0.000000
60	2L	-	9839	21376	FBtr0306591	10	5390	P08111	l(2)gl	24.620602	35.749012
61	2L	-	9839	21376	FBtr0306592	11	5528	P08111	l(2)gl	0.011237	0.016316
62	2L	-	9839	21376	FBtr0330655	9	5281	P08111	l(2)gl	0.754783	1.095942
63	2L	-	21823	25155	FBtr0113008	5	2629	Q9VPI2	Ir21a	0.000000	0.000000
94	2L	+	106903	114432	FBtr0089437	8	2387	P40320	Sam-S	0.000000	0.000000
95	2L	+	107761	111337	FBtr0308091	4	961	P40320	Sam-S	0.041623	0.060436
96	2L	+	107761	114210	FBtr0089428	8	2184	P40320	Sam-S	8.613569	12.506867
97	2L	+	107761	114432	FBtr0089429	7	2293	P40320	Sam-S	0.000000	0.000000
98	2L	+	107761	114432	FBtr0330656	6	2298	P40320	Sam-S	0.000000	0.000000
99	2L	+	107937	114210	FBtr0089432	7	2283	P40320	Sam-S	40.914761	59.408062
100	2L	+	107937	114432	FBtr0089430	7	2380	P40320	Sam-S	39.930027	57.978237
101	2L	+	107937	114432	FBtr0089431	7	2380	P40320	Sam-S	28.189110	40.930473
102	2L	+	108089	114432	FBtr0089433	7	2353	P40320	Sam-S	40.265842	58.465839
103	2L	+	108133	114432	FBtr0089434	7	2429	P40320	Sam-S	21.069246	30.592459
104	2L	+	108133	114432	FBtr0089435	7	2309	P40320	Sam-S	29.534485	42.883949
105	2L	+	109594	114210	FBtr0089436	6	1971	P40320	Sam-S	0.000000	0.000000
125	2L	+	132077	133995	FBtr0300568	2	1699	P20477	Gs1	2.346266	3.406769
126	2L	+	132077	134472	FBtr0078114	2	2176	P20477	Gs1	10.230064	14.854012
127	2L	+	132077	134472	FBtr0078115	1	2396	P20477	Gs1	1.489674	2.163001
140	2L	-	153539	155305	FBtr0078147	2	1699	Q9VPK7	CG3709	0.608881	0.884093
151	2L	+	159032	201588	FBtr0078122	12	17880	Q8SX83	spen	0.000000	0.000000
152	2L	+	159032	201588	FBtr0306341	13	17963	Q8SX83	spen	0.000000	0.000000
153	2L	+	159032	201588	FBtr0330652	14	20622	Q8SX83	spen	2.453089	3.561875
154	2L	+	159032	203250	FBtr0332336	14	19571	Q8SX83	spen	0.000000	0.000000
155	2L	+	159032	203397	FBtr0078121	11	19604	Q8SX83	spen	0.000000	0.000000
156	2L	+	182820	201588	FBtr0332337	11	17143	Q8SX83	spen	0.000000	0.000000
157	2L	+	182820	203250	FBtr0078123	10	18859	Q8SX83	spen	0.227992	0.331043
158	2L	+	182820	203250	FBtr0330653	11	18434	Q8SX83	spen	0.000000	0.000000
159	2L	+	203779	204782	FBtr0078124	2	903	Q9VPL3	mRpL10	15.596899	22.646633
188	2L	-	271912	273715	FBtr0078139	2	1756	Q9VPM5	mbm	50.460140	73.267914
195	2L	+	277582	282167	FBtr0078129	6	4008	P91682	smo	62.616802	90.919342
203	2L	-	287252	288932	FBtr0078134	1	1681	Q9VPN2	Amnionless	0.364366	0.529058
204	2L	-	287252	289144	FBtr0330647	1	1893	Q9VPN2	Amnionless	0.323560	0.469808
206	2L	-	292959	294681	FBtr0333408	2	1655	Q94535	U2af38	86.817558	126.058731
207	2L	-	293353	294681	FBtr0078133	2	1261	Q94535	U2af38	112.755707	163.720825
213	2L	+	305935	346255	FBtr0078047	17	5486	P25455	Plc21C	0.000000	0.000000
214	2L	+	305935	346255	FBtr0330673	16	5300	P25455	Plc21C	0.000000	0.000000
215	2L	+	305935	355566	FBtr0078049	18	7347	P25455	Plc21C	0.268599	0.390005
218	2L	+	310200	346255	FBtr0330674	17	5419	P25455	Plc21C	0.000000	0.000000
219	2L	+	310200	346541	FBtr0078048	17	5723	P25455	Plc21C	0.000000	0.000000
220	2L	+	310200	347927	FBtr0078050	17	7127	P25455	Plc21C	0.000000	0.000000
232	2L	+	378112	387439	FBtr0078053	5	1806	Q06453	al	0.000000	0.000000
236	2L	+	404285	407969	FBtr0078054	3	3564	P20028	RpI135	6.715208	9.750455
237	2L	-	408030	414777	FBtr0089488	9	4711	P91926	AP-2alpha	4.115573	5.975795
238	2L	-	408876	412885	FBtr0089489	8	3432	P91926	AP-2alpha	0.000000	0.000000
239	2L	+	415067	418536	FBtr0078055	3	3327	Q95RJ9	ebi	23.218357	33.712959
240	2L	-	418434	419652	FBtr0078090	1	1219	Q9VPP5	CG13690	52.832912	76.713173
241	2L	+	419952	420697	FBtr0078056	2	601	P08570	RpLP1	1380.106812	2003.909424
242	2L	+	419952	420864	FBtr0331932	2	768	P08570	RpLP1	1080.005493	1568.163574
246	2L	+	431227	448701	FBtr0078059	6	6672	Q07436	ex	3.740108	5.430622
247	2L	+	431227	448701	FBtr0329832	6	6454	Q07436	ex	0.000000	0.000000
249	2L	-	448254	453024	FBtr0078087	5	2775	Q27367	crq	1.392793	2.022330
250	2L	-	448254	453024	FBtr0331233	6	2714	Q27367	crq	0.000000	0.000000
251	2L	-	448716	451302	FBtr0304741	5	1938	Q27367	crq	0.000000	0.000000
252	2L	-	448716	452752	FBtr0331232	5	2041	Q27367	crq	0.000000	0.000000
253	2L	-	448716	453024	FBtr0078088	6	2063	Q27367	crq	0.000000	0.000000
261	2L	+	473013	476170	FBtr0078062	7	2592	Q9Y149	MED15	51.389275	74.617020
262	2L	+	476220	540532	FBtr0333012	8	4242	Q9VPQ6	ush	0.000000	0.000000
263	2L	+	476220	540532	FBtr0333013	9	6084	Q9VPQ6	ush	0.034966	0.050770
267	2L	+	490835	540532	FBtr0310027	8	4654	Q9VPQ6	ush	0.000000	0.000000
268	2L	+	523466	540560	FBtr0078063	8	4752	Q9VPQ6	ush	9.602512	13.942808
269	2L	+	523736	540560	FBtr0329895	8	4482	Q9VPQ6	ush	9.794538	14.221628
275	2L	-	544925	552454	FBtr0344014	4	4461	P29776	Ets21C	0.237190	0.344399
277	2L	-	547016	549502	FBtr0112854	3	1603	P29776	Ets21C	0.016843	0.024456
278	2L	-	547016	552454	FBtr0078079	3	2423	P29776	Ets21C	0.000000	0.000000
279	2L	-	547016	552923	FBtr0345429	3	2892	P29776	Ets21C	0.000000	0.000000
288	2L	-	566366	568121	FBtr0078075	4	1584	Q9VPR4	Nle	8.817764	12.803358
298	2L	-	583544	594685	FBtr0343220	3	2362	P54366	Gsc	0.000000	0.000000
299	2L	-	583544	594685	FBtr0343221	3	2362	P54366	Gsc	1.358594	1.972673
310	2L	-	640013	714983	FBtr0078045	12	12427	Q24292	ds	0.160296	0.232749
311	2L	-	640306	714983	FBtr0343249	12	12134	Q24292	ds	0.000000	0.000000
313	2L	+	728362	730564	FBtr0078000	1	2203	Q9VPS5	Hsp60B	0.000000	0.000000
328	2L	+	780482	782885	FBtr0078006	4	2220	Q9VPT1	Gr21a	0.000000	0.000000
329	2L	+	781276	782885	FBtr0331651	4	1426	Q9VPT1	Gr21a	0.000000	0.000000
332	2L	-	786153	790798	FBtr0078042	5	2583	Q03042	Pkg21D	0.000000	0.000000
338	2L	+	815993	817032	FBtr0078010	1	1040	Q9VPT5	Pex12	0.000000	0.000000
339	2L	+	815993	818096	FBtr0332972	1	2104	Q9VPT5	Pex12	0.893536	1.297411
341	2L	-	818079	819508	FBtr0078039	2	1370	Q9VPT7	CG3876	1.859124	2.699440
342	2L	+	819964	821209	FBtr0078011	1	1246	Q9VPT8	Clp	0.000000	0.000000
360	2L	+	852768	854539	FBtr0078016	3	1320	O18391	kraken	11.826954	17.172689
361	2L	+	852848	854539	FBtr0334794	3	1240	O18391	kraken	11.545503	16.764023
373	2L	-	868673	869857	FBtr0078030	1	1185	Q9VPU8	dbe	0.000000	0.000000
379	2L	+	877302	878270	FBtr0078023	2	871	P15425	ninaA	0.000000	0.000000
382	2L	+	898500	901316	FBtr0345738	2	2749	P11996	Lsp1beta	0.000000	0.000000
383	2L	+	898644	901316	FBtr0078025	2	2605	P11996	Lsp1beta	0.000000	0.000000
388	2L	+	922793	958098	FBtr0077949	11	4160	Q9V3X5	CG4341	0.009615	0.013961
389	2L	+	922793	958098	FBtr0305064	10	3801	Q9V3X5	CG4341	0.000000	0.000000
397	2L	-	1049674	1077815	FBtr0077993	5	5206	P42519	S	22.903765	33.256172
398	2L	-	1051792	1077811	FBtr0077994	5	2267	P42519	S	0.000000	0.000000
399	2L	+	1077948	1080803	FBtr0077952	3	2745	Q9VPW1	ast	6.314026	9.167940
408	2L	-	1114654	1119031	FBtr0077988	4	2079	Q9VPW8	Pino	191.106979	277.486542
409	2L	-	1114654	1119031	FBtr0332272	5	2130	Q9VPW8	Pino	0.034388	0.049931
