t_id	chr	strand	start	end	t_name	num_exons	length	---	gene_name	cov	FPKM
1	211000022278158	+	592	1036	FBtr0114187	1	445	---	CR40502	0.000000	0.000000
2	211000022278279	-	11634	12709	FBtr0347033	1	1076	---	CR45932	0.055762	0.080966
3	211000022278282	+	518	2511	FBtr0114261	1	1994	---	CR41590	0.030090	0.043691
4	211000022278298	+	648	1614	FBtr0114196	1	967	---	CR40571	0.000000	0.000000
5	211000022278307	-	1	824	FBtr0114201	1	824	---	CR40582	0.023968	0.034801
6	211000022278309	+	1	1110	FBtr0114198	1	1110	---	CR40573	0.000000	0.000000
7	211000022278436	-	1551	2815	FBtr0300146	1	1265	---	Su(Ste):CR42418	0.742688	1.078380
8	211000022278449	-	528	1635	FBtr0308947	2	1051	---	Mst77Y-16Psi	0.000000	0.000000
9	211000022278498	-	13189	13940	FBtr0114286	1	752	---	CR42195	0.733599	1.065183
10	211000022278522	-	390	2086	FBtr0114194	1	1697	---	CR40561	0.000000	0.000000
11	211000022278603	-	1	834	FBtr0114206	1	834	---	CR40613	0.000000	0.000000
12	211000022278604	+	1	265	FBtr0114202	1	265	---	CR40594	0.000000	0.000000
13	211000022278664	-	1	1088	FBtr0114205	1	1088	---	CR40611	0.000000	0.000000
14	211000022278724	-	930	2904	FBtr0114259	1	1975	---	CR41583	0.497215	0.721954
15	211000022278750	+	1	1134	FBtr0114207	1	1134	---	CR40621	2.356261	3.421282
16	211000022278760	-	562	879	FBtr0302344	2	264	---	CG40635	0.568182	0.824998
17	211000022278875	+	1	2099	FBtr0114274	1	2099	---	CR41606	0.000000	0.000000
18	211000022278877	+	1	549	FBtr0114208	1	549	---	CR40639	5.237523	7.604862
19	211000022278878	+	1	569	FBtr0114209	1	569	---	CR40640	7.429611	10.787765
20	211000022278879	+	1	559	FBtr0114210	1	559	---	CR40641	0.062612	0.090912
21	211000022278880	+	1	540	FBtr0114253	1	540	---	CR41544	0.162963	0.236622
22	211000022278985	-	497	1020	FBtr0114284	1	524	---	CR41620	0.025445	0.036946
23	211000022279055	+	384	1123	FBtr0114214	1	740	---	CR40668	33.585091	48.765415
24	211000022279108	+	1	566	FBtr0114211	1	566	---	CR40642	2.076325	3.014815
25	211000022279132	+	1	1005	FBtr0114283	1	1005	---	CR41619	26.580860	38.595303
26	211000022279134	+	1	1012	FBtr0114216	1	1012	---	CR40679	2.374440	3.447677
27	211000022279165	-	14	1118	FBtr0300167	1	1105	---	Su(Ste):CR42439	0.018100	0.026281
28	211000022279188	+	1449	2180	FBtr0300105	3	615	---	SteXh:CG42398	2.240227	3.252800
29	211000022279222	+	1	506	FBtr0114218	1	506	---	CR40712	42.023090	61.017357
30	211000022279264	-	180	614	FBtr0304147	1	435	---	CR40719	0.133333	0.193599
31	211000022279342	+	1	530	FBtr0114222	1	530	---	CR40743	0.000000	0.000000
32	211000022279392	-	1	1356	FBtr0300161	1	1356	---	Su(Ste):CR42433	0.033923	0.049256
33	211000022279446	+	1	1266	FBtr0114275	1	1266	---	CR41607	0.093207	0.135336
34	211000022279528	+	2	463	FBtr0114285	1	462	---	CR41621	0.000000	0.000000
35	211000022279529	+	1	838	FBtr0114223	1	838	---	CR40766	5.760501	8.364223
36	211000022279531	-	626	1200	FBtr0114280	1	575	---	CR41613	49.685829	72.143616
37	211000022279555	-	51	1080	FBtr0114257	1	1030	---	CR41550	0.000000	0.000000
38	211000022279681	+	401	1054	FBtr0300134	1	654	---	Su(Ste):CR42406	0.015291	0.022202
39	211000022279708	+	608	1275	FBtr0114249	1	668	---	CR41535	43.086311	62.561150
40	211000022280133	-	220	2161	FBtr0114262	1	1942	---	CR41591	0.000000	0.000000
41	211000022280328	-	7386	9527	FBtr0347010	4	1428	---	CG41561	0.000000	0.000000
42	211000022280341	-	1	740	FBtr0347034	1	740	---	CR45933	0.000000	0.000000
43	211000022280347	-	7	354	FBtr0302352	1	348	---	CR40947	0.114943	0.166897
44	211000022280481	+	1230	2419	FBtr0300141	1	1190	---	Su(Ste):CR42411	0.006723	0.009762
45	211000022280494	-	1	1443	FBtr0300139	1	1443	---	Su(Ste):CR42408	0.072996	0.105990
46	211000022280494	-	2048	3374	FBtr0300138	1	1327	---	Su(Ste):CR42409	0.012057	0.017507
47	211000022280645	+	1	765	FBtr0114228	1	765	---	CR40959	0.878431	1.275478
48	211000022280703	+	699	1770	FBtr0347035	1	1072	---	CR45934	0.000000	0.000000
49	2L	+	7529	9484	FBtr0300689	2	1880	---	CG11023	1.102660	1.601058
50	2L	+	7529	9484	FBtr0300690	3	1802	---	CG11023	0.000000	0.000000
51	2L	+	7529	9484	FBtr0330654	2	1844	---	CG11023	0.000000	0.000000
52	2L	-	9839	18570	FBtr0078170	9	5248	P08111	l(2)gl	14.210197	20.633148
53	2L	-	9839	18570	FBtr0078171	10	5391	P08111	l(2)gl	0.011522	0.016730
54	2L	-	9839	21376	FBtr0078166	9	5155	P08111	l(2)gl	0.000000	0.000000
55	2L	-	9839	21376	FBtr0078167	9	5230	P08111	l(2)gl	1.366175	1.983681
56	2L	-	9839	21376	FBtr0078168	9	5225	P08111	l(2)gl	0.000000	0.000000
57	2L	-	9839	21376	FBtr0078169	10	5082	P08111	l(2)gl	0.000000	0.000000
58	2L	-	9839	21376	FBtr0306589	10	5315	P08111	l(2)gl	0.000000	0.000000
59	2L	-	9839	21376	FBtr0306590	9	5179	P08111	l(2)gl	0.000000	0.000000
60	2L	-	9839	21376	FBtr0306591	10	5390	P08111	l(2)gl	24.620602	35.749012
61	2L	-	9839	21376	FBtr0306592	11	5528	P08111	l(2)gl	0.011237	0.016316
62	2L	-	9839	21376	FBtr0330655	9	5281	P08111	l(2)gl	0.754783	1.095942
63	2L	-	21823	25155	FBtr0113008	5	2629	Q9VPI2	Ir21a	0.000000	0.000000
64	2L	+	21952	24237	FBtr0309810	2	2230	---	CR43609	0.000000	0.000000
65	2L	-	25402	59268	FBtr0078163	13	4350	---	Cda5	0.000000	0.000000
66	2L	-	25402	59268	FBtr0078164	14	7227	---	Cda5	0.016695	0.024241
67	2L	-	25402	59268	FBtr0113416	13	4347	---	Cda5	0.000000	0.000000
68	2L	-	25402	59268	FBtr0309225	11	6150	---	Cda5	0.000000	0.000000
69	2L	-	25402	59268	FBtr0309227	12	3917	---	Cda5	0.000000	0.000000
70	2L	-	25402	59268	FBtr0309228	14	7266	---	Cda5	0.999084	1.450666
71	2L	-	25402	59268	FBtr0309229	15	7005	---	Cda5	0.000000	0.000000
72	2L	-	25402	65404	FBtr0309226	14	6583	---	Cda5	0.000000	0.000000
73	2L	+	65999	66242	FBtr0345732	1	244	---	CR45339	0.000000	0.000000
74	2L	+	66318	66524	FBtr0345733	1	207	---	CR45340	0.000000	0.000000
75	2L	+	66482	71390	FBtr0306539	7	4153	---	dbr	0.000000	0.000000
76	2L	+	67043	71081	FBtr0306536	5	3731	---	dbr	4.205039	6.105700
77	2L	+	67043	71081	FBtr0306538	6	3454	---	dbr	0.000000	0.000000
78	2L	+	67043	71390	FBtr0078100	5	4040	---	dbr	3.883416	5.638704
79	2L	+	67043	71390	FBtr0306537	6	3789	---	dbr	0.000000	0.000000
80	2L	-	71039	73836	FBtr0344052	1	2798	---	CR44987	0.251071	0.364554
81	2L	-	71039	73836	FBtr0344053	2	2686	---	CR44987	0.000000	0.000000
82	2L	+	71757	76211	FBtr0306540	4	1430	---	galectin	0.000000	0.000000
83	2L	+	72387	76211	FBtr0078101	3	1841	---	galectin	0.000000	0.000000
84	2L	+	73485	76211	FBtr0302164	3	1458	---	galectin	0.000000	0.000000
85	2L	+	73485	76211	FBtr0331680	4	1536	---	galectin	0.520833	0.756247
86	2L	+	74129	76211	FBtr0301733	3	1694	---	galectin	0.000000	0.000000
87	2L	+	76348	77783	FBtr0306541	2	1378	---	CG11374	0.000000	0.000000
88	2L	-	82421	87387	FBtr0290323	2	2225	---	net	9.077753	13.180860
89	2L	-	82984	87387	FBtr0330637	2	1662	---	net	0.804152	1.167625
90	2L	+	94739	102086	FBtr0078103	12	6476	---	Zir	11.791624	17.121389
91	2L	+	102380	104142	FBtr0078104	3	1583	---	CG11377	2.051982	2.979469
92	2L	+	102380	104142	FBtr0330636	3	1221	---	CG11377	4.594358	6.670989
93	2L	-	103962	106732	FBtr0301452	5	2551	---	Nhe1	1.762232	2.558753
94	2L	+	106903	114432	FBtr0089437	8	2387	P40320	Sam-S	0.000000	0.000000
95	2L	+	107761	111337	FBtr0308091	4	961	P40320	Sam-S	0.041623	0.060436
96	2L	+	107761	114210	FBtr0089428	8	2184	P40320	Sam-S	8.613569	12.506867
97	2L	+	107761	114432	FBtr0089429	7	2293	P40320	Sam-S	0.000000	0.000000
98	2L	+	107761	114432	FBtr0330656	6	2298	P40320	Sam-S	0.000000	0.000000
99	2L	+	107937	114210	FBtr0089432	7	2283	P40320	Sam-S	40.914761	59.408062
